<?xml version="1.0" encoding="UTF-8"?>
<!-- Generated by org.testng.reporters.JUnitReportReporter -->
<testsuite skipped="0" hostname="LAPTOP-09M7L6ER" name="com.Test.UsefulLinkTest" tests="1" failures="0" timestamp="09 Mar 2021 12:22:04 GMT" time="8.973" errors="0">
  <testcase name="downloadmethod" time="8.973" classname="com.Test.UsefulLinkTest"/>
</testsuite> <!-- com.Test.UsefulLinkTest -->
