<?xml version="1.0" encoding="UTF-8"?>
<!-- Generated by org.testng.reporters.JUnitReportReporter -->
<testsuite skipped="0" hostname="LAPTOP-09M7L6ER" name="DashboardPageTest" tests="1" failures="0" timestamp="23 Feb 2021 06:17:52 GMT" time="0.156" errors="0">
  <testcase name="dashboardheading" time="0.156" classname="DashboardPageTest"/>
</testsuite> <!-- DashboardPageTest -->
