<?xml version="1.0" encoding="UTF-8"?>
<!-- Generated by org.testng.reporters.JUnitReportReporter -->
<testsuite skipped="0" hostname="LAPTOP-09M7L6ER" name="com.Test.DashboardTest" tests="1" failures="0" timestamp="09 Mar 2021 03:16:17 GMT" time="8.443" errors="0">
  <testcase name="JavaByKiran1" time="8.443" classname="com.Test.DashboardTest"/>
</testsuite> <!-- com.Test.DashboardTest -->
