<?xml version="1.0" encoding="UTF-8"?>
<!-- Generated by org.testng.reporters.JUnitReportReporter -->
<testsuite skipped="0" hostname="LAPTOP-09M7L6ER" name="com.Test.OperatorsTest" tests="1" failures="0" timestamp="08 Mar 2021 13:10:25 GMT" time="7.026" errors="0">
  <testcase name="operatorlist1" time="7.026" classname="com.Test.OperatorsTest"/>
</testsuite> <!-- com.Test.OperatorsTest -->
