<?xml version="1.0" encoding="UTF-8"?>
<!-- Generated by org.testng.reporters.JUnitReportReporter -->
<testsuite skipped="0" hostname="LAPTOP-09M7L6ER" name="com.Test.UserTest" tests="1" failures="0" timestamp="09 Mar 2021 03:28:03 GMT" time="7.620" errors="0">
  <testcase name="operatormethod" time="7.620" classname="com.Test.UserTest"/>
</testsuite> <!-- com.Test.UserTest -->
