<?xml version="1.0" encoding="UTF-8"?>
<!-- Generated by org.testng.reporters.JUnitReportReporter -->
<testsuite skipped="0" hostname="LAPTOP-09M7L6ER" name="com.Test.DownloadTest" tests="1" failures="0" timestamp="09 Mar 2021 12:30:15 GMT" time="7.690" errors="0">
  <testcase name="dashboardpage" time="7.690" classname="com.Test.DownloadTest"/>
</testsuite> <!-- com.Test.DownloadTest -->
